<?xml version="1.0" encoding="UTF-8"?>
<testsuite name="PersonalFinanceAppTests" tests="1" skipped="0" failures="0" errors="0" timestamp="2023-03-24T03:33:04" hostname="DESKTOP-NNLQ6NR" time="0.02">
  <properties/>
  <testcase name="firstTest()" classname="PersonalFinanceAppTests" time="0.02"/>
  <system-out><![CDATA[]]></system-out>
  <system-err><![CDATA[]]></system-err>
</testsuite>
